<?xml version="1.0" encoding="UTF-8"?>
<testsuite name="com.example.demo.service.UserServiceTests" tests="3" skipped="0" failures="0" errors="0" timestamp="2025-05-15T12:23:02" hostname="DESKTOP-KVK18ND" time="0.05">
  <properties/>
  <testcase name="testAddUser()" classname="com.example.demo.service.UserServiceTests" time="0.033"/>
  <testcase name="testGetUser()" classname="com.example.demo.service.UserServiceTests" time="0.007"/>
  <testcase name="testRemoveUser()" classname="com.example.demo.service.UserServiceTests" time="0.004"/>
  <system-out><![CDATA[Ntokozo added with ID: 1
Musa added with ID: 2
User not found
Tshidi added with ID: 3
User not found
]]></system-out>
  <system-err><![CDATA[]]></system-err>
</testsuite>
