<?xml version="1.0" encoding="UTF-8"?>
<testsuite name="com.example.demo.service.UserServiceTests" tests="3" skipped="0" failures="0" errors="0" timestamp="2025-05-14T09:17:12" hostname="DESKTOP-KVK18ND" time="0.085">
  <properties/>
  <testcase name="testAddUser()" classname="com.example.demo.service.UserServiceTests" time="0.071"/>
  <testcase name="testGetUser()" classname="com.example.demo.service.UserServiceTests" time="0.005"/>
  <testcase name="testRemoveUser()" classname="com.example.demo.service.UserServiceTests" time="0.002"/>
  <system-out><![CDATA[Tsakane added with ID: 1
Gabaza added with ID: 2
User not found
Zanele added with ID: 3
User not found
]]></system-out>
  <system-err><![CDATA[]]></system-err>
</testsuite>
